<?xml version="1.0" encoding="UTF-8"?>
<testng-results skipped="0" failed="0" total="1" passed="1">
  <reporter-output>
  </reporter-output>
  <suite name="Default suite" duration-ms="45913" started-at="2019-11-24T05:14:49Z" finished-at="2019-11-24T05:15:35Z">
    <groups>
    </groups>
    <test name="Default test" duration-ms="45913" started-at="2019-11-24T05:14:49Z" finished-at="2019-11-24T05:15:35Z">
      <class name="RunnerClass.RunnerClass">
        <test-method status="PASS" signature="AssignData()[pri:0, instance:RunnerClass.RunnerClass@457e2f02]" name="AssignData" is-config="true" duration-ms="4061" started-at="2019-11-24T12:14:45Z" finished-at="2019-11-24T12:14:49Z">
          <reporter-output>
          </reporter-output>
        </test-method> <!-- AssignData -->
        <test-method status="PASS" signature="SC_01()[pri:0, instance:RunnerClass.RunnerClass@457e2f02]" name="SC_01" duration-ms="45905" started-at="2019-11-24T12:14:49Z" description="Login to the application and Create new project" finished-at="2019-11-24T12:15:35Z">
          <reporter-output>
          </reporter-output>
        </test-method> <!-- SC_01 -->
        <test-method status="PASS" signature="close()[pri:0, instance:RunnerClass.RunnerClass@457e2f02]" name="close" is-config="true" duration-ms="251" started-at="2019-11-24T12:15:35Z" finished-at="2019-11-24T12:15:35Z">
          <reporter-output>
          </reporter-output>
        </test-method> <!-- close -->
      </class> <!-- RunnerClass.RunnerClass -->
    </test> <!-- Default test -->
  </suite> <!-- Default suite -->
</testng-results>
